{"/Users/fujiitakeshi/workspace/handsOnNodeJs/todo-data-storage/app.js": {"path":"/Users/fujiitakeshi/workspace/handsOnNodeJs/todo-data-storage/app.js","statementMap":{"0":{"start":{"line":2,"column":16},"end":{"line":2,"column":34}},"1":{"start":{"line":3,"column":21},"end":{"line":3,"column":36}},"2":{"start":{"line":6,"column":20},"end":{"line":6,"column":67}},"3":{"start":{"line":8,"column":12},"end":{"line":8,"column":21}},"4":{"start":{"line":10,"column":0},"end":{"line":10,"column":23}},"5":{"start":{"line":13,"column":0},"end":{"line":19,"column":2}},"6":{"start":{"line":14,"column":2},"end":{"line":16,"column":3}},"7":{"start":{"line":15,"column":4},"end":{"line":15,"column":70}},"8":{"start":{"line":15,"column":48},"end":{"line":15,"column":63}},"9":{"start":{"line":17,"column":20},"end":{"line":17,"column":50}},"10":{"start":{"line":18,"column":2},"end":{"line":18,"column":78}},"11":{"start":{"line":18,"column":56},"end":{"line":18,"column":71}},"12":{"start":{"line":22,"column":0},"end":{"line":33,"column":2}},"13":{"start":{"line":23,"column":20},"end":{"line":23,"column":28}},"14":{"start":{"line":25,"column":2},"end":{"line":30,"column":3}},"15":{"start":{"line":27,"column":16},"end":{"line":27,"column":46}},"16":{"start":{"line":28,"column":4},"end":{"line":28,"column":24}},"17":{"start":{"line":29,"column":4},"end":{"line":29,"column":20}},"18":{"start":{"line":31,"column":15},"end":{"line":31,"column":68}},"19":{"start":{"line":32,"column":2},"end":{"line":32,"column":71}},"20":{"start":{"line":32,"column":38},"end":{"line":32,"column":64}},"21":{"start":{"line":37,"column":2},"end":{"line":46,"column":14}},"22":{"start":{"line":38,"column":4},"end":{"line":46,"column":14}},"23":{"start":{"line":40,"column":8},"end":{"line":42,"column":9}},"24":{"start":{"line":41,"column":10},"end":{"line":41,"column":31}},"25":{"start":{"line":43,"column":20},"end":{"line":43,"column":47}},"26":{"start":{"line":44,"column":8},"end":{"line":44,"column":28}},"27":{"start":{"line":45,"column":8},"end":{"line":45,"column":17}},"28":{"start":{"line":50,"column":0},"end":{"line":52,"column":34}},"29":{"start":{"line":55,"column":0},"end":{"line":64,"column":1}},"30":{"start":{"line":56,"column":2},"end":{"line":63,"column":10}},"31":{"start":{"line":57,"column":4},"end":{"line":59,"column":5}},"32":{"start":{"line":58,"column":6},"end":{"line":58,"column":34}},"33":{"start":{"line":60,"column":16},"end":{"line":60,"column":43}},"34":{"start":{"line":61,"column":4},"end":{"line":61,"column":24}},"35":{"start":{"line":62,"column":4},"end":{"line":62,"column":13}},"36":{"start":{"line":67,"column":0},"end":{"line":70,"column":2}},"37":{"start":{"line":68,"column":2},"end":{"line":68,"column":20}},"38":{"start":{"line":69,"column":2},"end":{"line":69,"column":64}},"39":{"start":{"line":72,"column":0},"end":{"line":72,"column":33}}},"fnMap":{"0":{"name":"(anonymous_0)","decl":{"start":{"line":13,"column":22},"end":{"line":13,"column":23}},"loc":{"start":{"line":13,"column":42},"end":{"line":19,"column":1}},"line":13},"1":{"name":"(anonymous_1)","decl":{"start":{"line":15,"column":39},"end":{"line":15,"column":40}},"loc":{"start":{"line":15,"column":48},"end":{"line":15,"column":63}},"line":15},"2":{"name":"(anonymous_2)","decl":{"start":{"line":18,"column":47},"end":{"line":18,"column":48}},"loc":{"start":{"line":18,"column":56},"end":{"line":18,"column":71}},"line":18},"3":{"name":"(anonymous_3)","decl":{"start":{"line":22,"column":23},"end":{"line":22,"column":24}},"loc":{"start":{"line":22,"column":43},"end":{"line":33,"column":1}},"line":22},"4":{"name":"(anonymous_4)","decl":{"start":{"line":32,"column":32},"end":{"line":32,"column":33}},"loc":{"start":{"line":32,"column":38},"end":{"line":32,"column":64}},"line":32},"5":{"name":"completedHandler","decl":{"start":{"line":36,"column":9},"end":{"line":36,"column":25}},"loc":{"start":{"line":36,"column":37},"end":{"line":47,"column":1}},"line":36},"6":{"name":"(anonymous_6)","decl":{"start":{"line":37,"column":8},"end":{"line":37,"column":9}},"loc":{"start":{"line":38,"column":4},"end":{"line":46,"column":14}},"line":38},"7":{"name":"(anonymous_7)","decl":{"start":{"line":39,"column":12},"end":{"line":39,"column":13}},"loc":{"start":{"line":39,"column":20},"end":{"line":46,"column":7}},"line":39},"8":{"name":"(anonymous_8)","decl":{"start":{"line":55,"column":29},"end":{"line":55,"column":30}},"loc":{"start":{"line":56,"column":2},"end":{"line":63,"column":10}},"line":56},"9":{"name":"(anonymous_9)","decl":{"start":{"line":56,"column":41},"end":{"line":56,"column":42}},"loc":{"start":{"line":56,"column":47},"end":{"line":63,"column":3}},"line":56},"10":{"name":"(anonymous_10)","decl":{"start":{"line":67,"column":8},"end":{"line":67,"column":9}},"loc":{"start":{"line":67,"column":33},"end":{"line":70,"column":1}},"line":67}},"branchMap":{"0":{"loc":{"start":{"line":14,"column":2},"end":{"line":16,"column":3}},"type":"if","locations":[{"start":{"line":14,"column":2},"end":{"line":16,"column":3}},{"start":{"line":14,"column":2},"end":{"line":16,"column":3}}],"line":14},"1":{"loc":{"start":{"line":25,"column":2},"end":{"line":30,"column":3}},"type":"if","locations":[{"start":{"line":25,"column":2},"end":{"line":30,"column":3}},{"start":{"line":25,"column":2},"end":{"line":30,"column":3}}],"line":25},"2":{"loc":{"start":{"line":25,"column":5},"end":{"line":25,"column":40}},"type":"binary-expr","locations":[{"start":{"line":25,"column":5},"end":{"line":25,"column":30}},{"start":{"line":25,"column":34},"end":{"line":25,"column":40}}],"line":25},"3":{"loc":{"start":{"line":40,"column":8},"end":{"line":42,"column":9}},"type":"if","locations":[{"start":{"line":40,"column":8},"end":{"line":42,"column":9}},{"start":{"line":40,"column":8},"end":{"line":42,"column":9}}],"line":40},"4":{"loc":{"start":{"line":57,"column":4},"end":{"line":59,"column":5}},"type":"if","locations":[{"start":{"line":57,"column":4},"end":{"line":59,"column":5}},{"start":{"line":57,"column":4},"end":{"line":59,"column":5}}],"line":57},"5":{"loc":{"start":{"line":69,"column":13},"end":{"line":69,"column":34}},"type":"binary-expr","locations":[{"start":{"line":69,"column":13},"end":{"line":69,"column":27}},{"start":{"line":69,"column":31},"end":{"line":69,"column":34}}],"line":69}},"s":{"0":1,"1":1,"2":1,"3":1,"4":1,"5":1,"6":5,"7":2,"8":1,"9":3,"10":3,"11":2,"12":1,"13":4,"14":4,"15":2,"16":2,"17":2,"18":2,"19":2,"20":1,"21":2,"22":0,"23":0,"24":0,"25":0,"26":0,"27":0,"28":1,"29":1,"30":0,"31":0,"32":0,"33":0,"34":0,"35":0,"36":1,"37":5,"38":5,"39":1},"f":{"0":5,"1":1,"2":2,"3":4,"4":1,"5":2,"6":0,"7":0,"8":0,"9":0,"10":5},"b":{"0":[2,3],"1":[2,2],"2":[4,3],"3":[0,0],"4":[0,0],"5":[5,3]},"_coverageSchema":"1a1c01bbd47fc00a2c39e90264f33305004495a9","hash":"ff65be2f9ae8e9ce3ea62557d8b1f5d2628804ce"}
,"/Users/fujiitakeshi/workspace/handsOnNodeJs/todo-data-storage/file-system/index.js": {"path":"/Users/fujiitakeshi/workspace/handsOnNodeJs/todo-data-storage/file-system/index.js","statementMap":{"0":{"start":{"line":3,"column":20},"end":{"line":3,"column":35}},"1":{"start":{"line":4,"column":49},"end":{"line":4,"column":71}},"2":{"start":{"line":6,"column":0},"end":{"line":15,"column":1}},"3":{"start":{"line":8,"column":16},"end":{"line":9,"column":46}},"4":{"start":{"line":9,"column":20},"end":{"line":9,"column":45}},"5":{"start":{"line":10,"column":2},"end":{"line":14,"column":3}},"6":{"start":{"line":12,"column":6},"end":{"line":12,"column":63}},"7":{"start":{"line":16,"column":0},"end":{"line":17,"column":64}},"8":{"start":{"line":16,"column":40},"end":{"line":17,"column":64}},"9":{"start":{"line":17,"column":15},"end":{"line":17,"column":63}},"10":{"start":{"line":17,"column":34},"end":{"line":17,"column":62}},"11":{"start":{"line":18,"column":0},"end":{"line":19,"column":65}},"12":{"start":{"line":19,"column":2},"end":{"line":19,"column":65}},"13":{"start":{"line":20,"column":0},"end":{"line":33,"column":1}},"14":{"start":{"line":21,"column":19},"end":{"line":21,"column":44}},"15":{"start":{"line":22,"column":2},"end":{"line":32,"column":3}},"16":{"start":{"line":24,"column":19},"end":{"line":27,"column":7}},"17":{"start":{"line":28,"column":6},"end":{"line":28,"column":71}},"18":{"start":{"line":28,"column":66},"end":{"line":28,"column":70}},"19":{"start":{"line":31,"column":11},"end":{"line":31,"column":61}},"20":{"start":{"line":34,"column":0},"end":{"line":39,"column":3}},"21":{"start":{"line":34,"column":23},"end":{"line":39,"column":3}},"22":{"start":{"line":36,"column":10},"end":{"line":36,"column":12}},"23":{"start":{"line":38,"column":11},"end":{"line":38,"column":61}}},"fnMap":{"0":{"name":"(anonymous_0)","decl":{"start":{"line":6,"column":19},"end":{"line":6,"column":20}},"loc":{"start":{"line":6,"column":31},"end":{"line":15,"column":1}},"line":6},"1":{"name":"(anonymous_1)","decl":{"start":{"line":9,"column":12},"end":{"line":9,"column":13}},"loc":{"start":{"line":9,"column":20},"end":{"line":9,"column":45}},"line":9},"2":{"name":"(anonymous_2)","decl":{"start":{"line":11,"column":14},"end":{"line":11,"column":15}},"loc":{"start":{"line":12,"column":6},"end":{"line":12,"column":63}},"line":12},"3":{"name":"(anonymous_3)","decl":{"start":{"line":16,"column":27},"end":{"line":16,"column":28}},"loc":{"start":{"line":16,"column":40},"end":{"line":17,"column":64}},"line":16},"4":{"name":"(anonymous_4)","decl":{"start":{"line":17,"column":8},"end":{"line":17,"column":9}},"loc":{"start":{"line":17,"column":15},"end":{"line":17,"column":63}},"line":17},"5":{"name":"(anonymous_5)","decl":{"start":{"line":17,"column":26},"end":{"line":17,"column":27}},"loc":{"start":{"line":17,"column":34},"end":{"line":17,"column":62}},"line":17},"6":{"name":"(anonymous_6)","decl":{"start":{"line":18,"column":17},"end":{"line":18,"column":18}},"loc":{"start":{"line":19,"column":2},"end":{"line":19,"column":65}},"line":19},"7":{"name":"(anonymous_7)","decl":{"start":{"line":20,"column":17},"end":{"line":20,"column":18}},"loc":{"start":{"line":20,"column":39},"end":{"line":33,"column":1}},"line":20},"8":{"name":"(anonymous_8)","decl":{"start":{"line":23,"column":4},"end":{"line":23,"column":5}},"loc":{"start":{"line":23,"column":15},"end":{"line":29,"column":5}},"line":23},"9":{"name":"(anonymous_9)","decl":{"start":{"line":28,"column":60},"end":{"line":28,"column":61}},"loc":{"start":{"line":28,"column":66},"end":{"line":28,"column":70}},"line":28},"10":{"name":"(anonymous_10)","decl":{"start":{"line":31,"column":4},"end":{"line":31,"column":5}},"loc":{"start":{"line":31,"column":11},"end":{"line":31,"column":61}},"line":31},"11":{"name":"(anonymous_11)","decl":{"start":{"line":34,"column":17},"end":{"line":34,"column":18}},"loc":{"start":{"line":34,"column":23},"end":{"line":39,"column":3}},"line":34},"12":{"name":"(anonymous_12)","decl":{"start":{"line":36,"column":4},"end":{"line":36,"column":5}},"loc":{"start":{"line":36,"column":10},"end":{"line":36,"column":12}},"line":36},"13":{"name":"(anonymous_13)","decl":{"start":{"line":38,"column":4},"end":{"line":38,"column":5}},"loc":{"start":{"line":38,"column":11},"end":{"line":38,"column":61}},"line":38}},"branchMap":{"0":{"loc":{"start":{"line":31,"column":11},"end":{"line":31,"column":61}},"type":"cond-expr","locations":[{"start":{"line":31,"column":35},"end":{"line":31,"column":39}},{"start":{"line":31,"column":42},"end":{"line":31,"column":61}}],"line":31},"1":{"loc":{"start":{"line":38,"column":11},"end":{"line":38,"column":61}},"type":"cond-expr","locations":[{"start":{"line":38,"column":35},"end":{"line":38,"column":39}},{"start":{"line":38,"column":42},"end":{"line":38,"column":61}}],"line":38}},"s":{"0":2,"1":2,"2":2,"3":21,"4":80,"5":21,"6":38,"7":2,"8":10,"9":10,"10":18,"11":2,"12":14,"13":2,"14":3,"15":3,"16":2,"17":2,"18":2,"19":1,"20":2,"21":15,"22":14,"23":1},"f":{"0":21,"1":80,"2":38,"3":10,"4":10,"5":18,"6":14,"7":3,"8":2,"9":2,"10":1,"11":15,"12":14,"13":1},"b":{"0":[1,0],"1":[1,0]},"_coverageSchema":"1a1c01bbd47fc00a2c39e90264f33305004495a9","hash":"b655872c89f9c9bd5f210e345cb5282a9feb0226"}
,"/Users/fujiitakeshi/workspace/handsOnNodeJs/todo-data-storage/leveldb/index.js": {"path":"/Users/fujiitakeshi/workspace/handsOnNodeJs/todo-data-storage/leveldb/index.js","statementMap":{"0":{"start":{"line":3,"column":14},"end":{"line":3,"column":30}},"1":{"start":{"line":4,"column":17},"end":{"line":4,"column":32}},"2":{"start":{"line":7,"column":11},"end":{"line":7,"column":44}},"3":{"start":{"line":9,"column":0},"end":{"line":16,"column":1}},"4":{"start":{"line":10,"column":17},"end":{"line":10,"column":19}},"5":{"start":{"line":12,"column":2},"end":{"line":14,"column":3}},"6":{"start":{"line":13,"column":4},"end":{"line":13,"column":30}},"7":{"start":{"line":15,"column":2},"end":{"line":15,"column":15}},"8":{"start":{"line":18,"column":0},"end":{"line":31,"column":1}},"9":{"start":{"line":19,"column":19},"end":{"line":19,"column":21}},"10":{"start":{"line":21,"column":2},"end":{"line":29,"column":3}},"11":{"start":{"line":26,"column":4},"end":{"line":28,"column":5}},"12":{"start":{"line":30,"column":2},"end":{"line":30,"column":30}},"13":{"start":{"line":33,"column":0},"end":{"line":38,"column":10}},"14":{"start":{"line":33,"column":25},"end":{"line":38,"column":10}},"15":{"start":{"line":40,"column":0},"end":{"line":60,"column":1}},"16":{"start":{"line":41,"column":0},"end":{"line":60,"column":1}},"17":{"start":{"line":43,"column":20},"end":{"line":43,"column":39}},"18":{"start":{"line":44,"column":20},"end":{"line":47,"column":5}},"19":{"start":{"line":49,"column":16},"end":{"line":49,"column":69}},"20":{"start":{"line":51,"column":4},"end":{"line":55,"column":5}},"21":{"start":{"line":52,"column":6},"end":{"line":54,"column":61}},"22":{"start":{"line":56,"column":4},"end":{"line":56,"column":44}},"23":{"start":{"line":56,"column":36},"end":{"line":56,"column":43}},"24":{"start":{"line":59,"column":9},"end":{"line":59,"column":50}},"25":{"start":{"line":62,"column":0},"end":{"line":72,"column":3}},"26":{"start":{"line":63,"column":2},"end":{"line":72,"column":3}},"27":{"start":{"line":64,"column":15},"end":{"line":69,"column":21}},"28":{"start":{"line":69,"column":18},"end":{"line":69,"column":20}},"29":{"start":{"line":71,"column":13},"end":{"line":71,"column":54}}},"fnMap":{"0":{"name":"(anonymous_0)","decl":{"start":{"line":9,"column":19},"end":{"line":9,"column":20}},"loc":{"start":{"line":9,"column":30},"end":{"line":16,"column":1}},"line":9},"1":{"name":"(anonymous_1)","decl":{"start":{"line":18,"column":27},"end":{"line":18,"column":28}},"loc":{"start":{"line":18,"column":46},"end":{"line":31,"column":1}},"line":18},"2":{"name":"(anonymous_2)","decl":{"start":{"line":33,"column":17},"end":{"line":33,"column":18}},"loc":{"start":{"line":33,"column":25},"end":{"line":38,"column":10}},"line":33},"3":{"name":"(anonymous_3)","decl":{"start":{"line":40,"column":17},"end":{"line":40,"column":18}},"loc":{"start":{"line":41,"column":0},"end":{"line":60,"column":1}},"line":41},"4":{"name":"(anonymous_4)","decl":{"start":{"line":42,"column":2},"end":{"line":42,"column":3}},"loc":{"start":{"line":42,"column":13},"end":{"line":57,"column":3}},"line":42},"5":{"name":"(anonymous_5)","decl":{"start":{"line":56,"column":30},"end":{"line":56,"column":31}},"loc":{"start":{"line":56,"column":36},"end":{"line":56,"column":43}},"line":56},"6":{"name":"(anonymous_6)","decl":{"start":{"line":59,"column":2},"end":{"line":59,"column":3}},"loc":{"start":{"line":59,"column":9},"end":{"line":59,"column":50}},"line":59},"7":{"name":"(anonymous_7)","decl":{"start":{"line":62,"column":17},"end":{"line":62,"column":18}},"loc":{"start":{"line":63,"column":2},"end":{"line":72,"column":3}},"line":63},"8":{"name":"(anonymous_8)","decl":{"start":{"line":64,"column":4},"end":{"line":64,"column":5}},"loc":{"start":{"line":64,"column":15},"end":{"line":69,"column":21}},"line":64},"9":{"name":"(anonymous_9)","decl":{"start":{"line":69,"column":12},"end":{"line":69,"column":13}},"loc":{"start":{"line":69,"column":18},"end":{"line":69,"column":20}},"line":69},"10":{"name":"(anonymous_10)","decl":{"start":{"line":71,"column":6},"end":{"line":71,"column":7}},"loc":{"start":{"line":71,"column":13},"end":{"line":71,"column":54}},"line":71}},"branchMap":{"0":{"loc":{"start":{"line":51,"column":4},"end":{"line":55,"column":5}},"type":"if","locations":[{"start":{"line":51,"column":4},"end":{"line":55,"column":5}},{"start":{"line":51,"column":4},"end":{"line":55,"column":5}}],"line":51},"1":{"loc":{"start":{"line":59,"column":9},"end":{"line":59,"column":50}},"type":"cond-expr","locations":[{"start":{"line":59,"column":24},"end":{"line":59,"column":28}},{"start":{"line":59,"column":31},"end":{"line":59,"column":50}}],"line":59},"2":{"loc":{"start":{"line":71,"column":13},"end":{"line":71,"column":54}},"type":"cond-expr","locations":[{"start":{"line":71,"column":28},"end":{"line":71,"column":32}},{"start":{"line":71,"column":35},"end":{"line":71,"column":54}}],"line":71}},"s":{"0":1,"1":1,"2":1,"3":1,"4":11,"5":11,"6":20,"7":11,"8":1,"9":10,"10":10,"11":9,"12":10,"13":1,"14":14,"15":1,"16":3,"17":2,"18":2,"19":2,"20":2,"21":1,"22":2,"23":2,"24":1,"25":1,"26":15,"27":14,"28":14,"29":1},"f":{"0":11,"1":10,"2":14,"3":3,"4":2,"5":2,"6":1,"7":15,"8":14,"9":14,"10":1},"b":{"0":[1,1],"1":[1,0],"2":[1,0]},"_coverageSchema":"1a1c01bbd47fc00a2c39e90264f33305004495a9","hash":"41ca99237e8543dcb86dfca57aebc7f39b384761"}
,"/Users/fujiitakeshi/workspace/handsOnNodeJs/todo-data-storage/sqlite/index.js": {"path":"/Users/fujiitakeshi/workspace/handsOnNodeJs/todo-data-storage/sqlite/index.js","statementMap":{"0":{"start":{"line":3,"column":22},"end":{"line":3,"column":37}},"1":{"start":{"line":4,"column":17},"end":{"line":4,"column":32}},"2":{"start":{"line":6,"column":16},"end":{"line":6,"column":105}},"3":{"start":{"line":9,"column":11},"end":{"line":9,"column":58}},"4":{"start":{"line":12,"column":14},"end":{"line":12,"column":40}},"5":{"start":{"line":13,"column":14},"end":{"line":22,"column":1}},"6":{"start":{"line":14,"column":2},"end":{"line":21,"column":3}},"7":{"start":{"line":15,"column":4},"end":{"line":20,"column":6}},"8":{"start":{"line":18,"column":8},"end":{"line":18,"column":41}},"9":{"start":{"line":23,"column":14},"end":{"line":23,"column":40}},"10":{"start":{"line":25,"column":0},"end":{"line":33,"column":2}},"11":{"start":{"line":31,"column":2},"end":{"line":31,"column":20}},"12":{"start":{"line":32,"column":2},"end":{"line":32,"column":17}},"13":{"start":{"line":37,"column":2},"end":{"line":37,"column":47}},"14":{"start":{"line":40,"column":0},"end":{"line":40,"column":86}},"15":{"start":{"line":40,"column":25},"end":{"line":40,"column":86}},"16":{"start":{"line":40,"column":66},"end":{"line":40,"column":85}},"17":{"start":{"line":42,"column":0},"end":{"line":44,"column":36}},"18":{"start":{"line":43,"column":2},"end":{"line":44,"column":36}},"19":{"start":{"line":44,"column":16},"end":{"line":44,"column":35}},"20":{"start":{"line":46,"column":0},"end":{"line":53,"column":1}},"21":{"start":{"line":47,"column":2},"end":{"line":52,"column":3}},"22":{"start":{"line":55,"column":0},"end":{"line":71,"column":1}},"23":{"start":{"line":56,"column":21},"end":{"line":56,"column":23}},"24":{"start":{"line":57,"column":17},"end":{"line":57,"column":19}},"25":{"start":{"line":59,"column":2},"end":{"line":64,"column":3}},"26":{"start":{"line":60,"column":4},"end":{"line":63,"column":5}},"27":{"start":{"line":61,"column":6},"end":{"line":61,"column":38}},"28":{"start":{"line":62,"column":6},"end":{"line":62,"column":33}},"29":{"start":{"line":65,"column":2},"end":{"line":65,"column":17}},"30":{"start":{"line":66,"column":2},"end":{"line":70,"column":5}},"31":{"start":{"line":67,"column":25},"end":{"line":69,"column":12}},"32":{"start":{"line":73,"column":0},"end":{"line":74,"column":51}},"33":{"start":{"line":73,"column":23},"end":{"line":74,"column":51}},"34":{"start":{"line":74,"column":25},"end":{"line":74,"column":50}}},"fnMap":{"0":{"name":"(anonymous_0)","decl":{"start":{"line":13,"column":14},"end":{"line":13,"column":15}},"loc":{"start":{"line":13,"column":25},"end":{"line":22,"column":1}},"line":13},"1":{"name":"(anonymous_1)","decl":{"start":{"line":14,"column":21},"end":{"line":14,"column":22}},"loc":{"start":{"line":15,"column":4},"end":{"line":20,"column":6}},"line":15},"2":{"name":"(anonymous_2)","decl":{"start":{"line":17,"column":6},"end":{"line":17,"column":7}},"loc":{"start":{"line":17,"column":20},"end":{"line":19,"column":7}},"line":17},"3":{"name":"(anonymous_3)","decl":{"start":{"line":29,"column":11},"end":{"line":29,"column":12}},"loc":{"start":{"line":29,"column":18},"end":{"line":33,"column":1}},"line":29},"4":{"name":"rowToTodo","decl":{"start":{"line":36,"column":9},"end":{"line":36,"column":18}},"loc":{"start":{"line":36,"column":24},"end":{"line":38,"column":1}},"line":36},"5":{"name":"(anonymous_5)","decl":{"start":{"line":40,"column":19},"end":{"line":40,"column":20}},"loc":{"start":{"line":40,"column":25},"end":{"line":40,"column":86}},"line":40},"6":{"name":"(anonymous_6)","decl":{"start":{"line":40,"column":58},"end":{"line":40,"column":59}},"loc":{"start":{"line":40,"column":66},"end":{"line":40,"column":85}},"line":40},"7":{"name":"(anonymous_7)","decl":{"start":{"line":42,"column":27},"end":{"line":42,"column":28}},"loc":{"start":{"line":43,"column":2},"end":{"line":44,"column":36}},"line":43},"8":{"name":"(anonymous_8)","decl":{"start":{"line":44,"column":8},"end":{"line":44,"column":9}},"loc":{"start":{"line":44,"column":16},"end":{"line":44,"column":35}},"line":44},"9":{"name":"(anonymous_9)","decl":{"start":{"line":46,"column":17},"end":{"line":46,"column":18}},"loc":{"start":{"line":46,"column":31},"end":{"line":53,"column":1}},"line":46},"10":{"name":"(anonymous_10)","decl":{"start":{"line":55,"column":17},"end":{"line":55,"column":18}},"loc":{"start":{"line":55,"column":33},"end":{"line":71,"column":1}},"line":55},"11":{"name":"(anonymous_11)","decl":{"start":{"line":67,"column":10},"end":{"line":67,"column":11}},"loc":{"start":{"line":67,"column":25},"end":{"line":69,"column":12}},"line":67},"12":{"name":"(anonymous_12)","decl":{"start":{"line":73,"column":17},"end":{"line":73,"column":18}},"loc":{"start":{"line":73,"column":23},"end":{"line":74,"column":51}},"line":73},"13":{"name":"(anonymous_13)","decl":{"start":{"line":74,"column":8},"end":{"line":74,"column":9}},"loc":{"start":{"line":74,"column":25},"end":{"line":74,"column":50}},"line":74}},"branchMap":{"0":{"loc":{"start":{"line":6,"column":16},"end":{"line":6,"column":105}},"type":"cond-expr","locations":[{"start":{"line":6,"column":56},"end":{"line":6,"column":74}},{"start":{"line":6,"column":77},"end":{"line":6,"column":105}}],"line":6},"1":{"loc":{"start":{"line":18,"column":8},"end":{"line":18,"column":41}},"type":"cond-expr","locations":[{"start":{"line":18,"column":14},"end":{"line":18,"column":25}},{"start":{"line":18,"column":28},"end":{"line":18,"column":41}}],"line":18},"2":{"loc":{"start":{"line":60,"column":4},"end":{"line":63,"column":5}},"type":"if","locations":[{"start":{"line":60,"column":4},"end":{"line":63,"column":5}},{"start":{"line":60,"column":4},"end":{"line":63,"column":5}}],"line":60},"3":{"loc":{"start":{"line":67,"column":25},"end":{"line":69,"column":12}},"type":"cond-expr","locations":[{"start":{"line":68,"column":8},"end":{"line":68,"column":68}},{"start":{"line":69,"column":8},"end":{"line":69,"column":12}}],"line":67},"4":{"loc":{"start":{"line":74,"column":25},"end":{"line":74,"column":50}},"type":"cond-expr","locations":[{"start":{"line":74,"column":41},"end":{"line":74,"column":43}},{"start":{"line":74,"column":46},"end":{"line":74,"column":50}}],"line":74}},"s":{"0":1,"1":1,"2":1,"3":1,"4":1,"5":1,"6":33,"7":33,"8":33,"9":1,"10":1,"11":0,"12":0,"13":31,"14":1,"15":11,"16":11,"17":1,"18":10,"19":10,"20":1,"21":14,"22":1,"23":3,"24":3,"25":3,"26":6,"27":3,"28":3,"29":3,"30":3,"31":3,"32":1,"33":15,"34":15},"f":{"0":33,"1":33,"2":33,"3":0,"4":31,"5":11,"6":11,"7":10,"8":10,"9":14,"10":3,"11":3,"12":15,"13":15},"b":{"0":[0,1],"1":[0,33],"2":[3,3],"3":[2,1],"4":[14,1]},"_coverageSchema":"1a1c01bbd47fc00a2c39e90264f33305004495a9","hash":"414cb604d5afc45772a7b5c09ecb29c08146702a"}
}
