TN:
SF:app.js
FN:13,(anonymous_0)
FN:15,(anonymous_1)
FN:18,(anonymous_2)
FN:22,(anonymous_3)
FN:32,(anonymous_4)
FN:36,completedHandler
FN:37,(anonymous_6)
FN:39,(anonymous_7)
FN:55,(anonymous_8)
FN:56,(anonymous_9)
FN:67,(anonymous_10)
FNF:11
FNH:7
FNDA:5,(anonymous_0)
FNDA:1,(anonymous_1)
FNDA:2,(anonymous_2)
FNDA:4,(anonymous_3)
FNDA:1,(anonymous_4)
FNDA:2,completedHandler
FNDA:0,(anonymous_6)
FNDA:0,(anonymous_7)
FNDA:0,(anonymous_8)
FNDA:0,(anonymous_9)
FNDA:5,(anonymous_10)
DA:2,1
DA:3,1
DA:6,1
DA:8,1
DA:10,1
DA:13,1
DA:14,5
DA:15,2
DA:17,3
DA:18,3
DA:22,1
DA:23,4
DA:25,4
DA:27,2
DA:28,2
DA:29,2
DA:31,2
DA:32,2
DA:37,2
DA:38,0
DA:40,0
DA:41,0
DA:43,0
DA:44,0
DA:45,0
DA:50,1
DA:55,1
DA:56,0
DA:57,0
DA:58,0
DA:60,0
DA:61,0
DA:62,0
DA:67,1
DA:68,5
DA:69,5
DA:72,1
LF:37
LH:25
BRDA:14,0,0,2
BRDA:14,0,1,3
BRDA:25,1,0,2
BRDA:25,1,1,2
BRDA:25,2,0,4
BRDA:25,2,1,3
BRDA:40,3,0,0
BRDA:40,3,1,0
BRDA:57,4,0,0
BRDA:57,4,1,0
BRDA:69,5,0,5
BRDA:69,5,1,3
BRF:12
BRH:8
end_of_record
TN:
SF:file-system/index.js
FN:6,(anonymous_0)
FN:9,(anonymous_1)
FN:11,(anonymous_2)
FN:16,(anonymous_3)
FN:17,(anonymous_4)
FN:17,(anonymous_5)
FN:18,(anonymous_6)
FN:20,(anonymous_7)
FN:23,(anonymous_8)
FN:28,(anonymous_9)
FN:31,(anonymous_10)
FN:34,(anonymous_11)
FN:36,(anonymous_12)
FN:38,(anonymous_13)
FNF:14
FNH:14
FNDA:21,(anonymous_0)
FNDA:80,(anonymous_1)
FNDA:38,(anonymous_2)
FNDA:10,(anonymous_3)
FNDA:10,(anonymous_4)
FNDA:18,(anonymous_5)
FNDA:14,(anonymous_6)
FNDA:3,(anonymous_7)
FNDA:2,(anonymous_8)
FNDA:2,(anonymous_9)
FNDA:1,(anonymous_10)
FNDA:15,(anonymous_11)
FNDA:14,(anonymous_12)
FNDA:1,(anonymous_13)
DA:3,2
DA:4,2
DA:6,2
DA:8,21
DA:9,80
DA:10,21
DA:12,38
DA:16,10
DA:17,18
DA:18,2
DA:19,14
DA:20,2
DA:21,3
DA:22,3
DA:24,2
DA:28,2
DA:31,1
DA:34,15
DA:36,14
DA:38,1
LF:20
LH:20
BRDA:31,0,0,1
BRDA:31,0,1,0
BRDA:38,1,0,1
BRDA:38,1,1,0
BRF:4
BRH:2
end_of_record
TN:
SF:leveldb/index.js
FN:9,(anonymous_0)
FN:18,(anonymous_1)
FN:33,(anonymous_2)
FN:40,(anonymous_3)
FN:42,(anonymous_4)
FN:56,(anonymous_5)
FN:59,(anonymous_6)
FN:62,(anonymous_7)
FN:64,(anonymous_8)
FN:69,(anonymous_9)
FN:71,(anonymous_10)
FNF:11
FNH:11
FNDA:11,(anonymous_0)
FNDA:10,(anonymous_1)
FNDA:14,(anonymous_2)
FNDA:3,(anonymous_3)
FNDA:2,(anonymous_4)
FNDA:2,(anonymous_5)
FNDA:1,(anonymous_6)
FNDA:15,(anonymous_7)
FNDA:14,(anonymous_8)
FNDA:14,(anonymous_9)
FNDA:1,(anonymous_10)
DA:3,1
DA:4,1
DA:7,1
DA:9,1
DA:10,11
DA:12,11
DA:13,20
DA:15,11
DA:18,1
DA:19,10
DA:21,10
DA:26,9
DA:30,10
DA:33,14
DA:40,1
DA:41,3
DA:43,2
DA:44,2
DA:49,2
DA:51,2
DA:52,1
DA:56,2
DA:59,1
DA:62,1
DA:63,15
DA:64,14
DA:69,14
DA:71,1
LF:28
LH:28
BRDA:51,0,0,1
BRDA:51,0,1,1
BRDA:59,1,0,1
BRDA:59,1,1,0
BRDA:71,2,0,1
BRDA:71,2,1,0
BRF:6
BRH:4
end_of_record
TN:
SF:sqlite/index.js
FN:13,(anonymous_0)
FN:14,(anonymous_1)
FN:17,(anonymous_2)
FN:29,(anonymous_3)
FN:36,rowToTodo
FN:40,(anonymous_5)
FN:40,(anonymous_6)
FN:42,(anonymous_7)
FN:44,(anonymous_8)
FN:46,(anonymous_9)
FN:55,(anonymous_10)
FN:67,(anonymous_11)
FN:73,(anonymous_12)
FN:74,(anonymous_13)
FNF:14
FNH:13
FNDA:33,(anonymous_0)
FNDA:33,(anonymous_1)
FNDA:33,(anonymous_2)
FNDA:0,(anonymous_3)
FNDA:31,rowToTodo
FNDA:11,(anonymous_5)
FNDA:11,(anonymous_6)
FNDA:10,(anonymous_7)
FNDA:10,(anonymous_8)
FNDA:14,(anonymous_9)
FNDA:3,(anonymous_10)
FNDA:3,(anonymous_11)
FNDA:15,(anonymous_12)
FNDA:15,(anonymous_13)
DA:3,1
DA:4,1
DA:6,1
DA:9,1
DA:12,1
DA:13,1
DA:14,33
DA:15,33
DA:18,33
DA:23,1
DA:25,1
DA:31,0
DA:32,0
DA:37,31
DA:40,11
DA:42,1
DA:43,10
DA:44,10
DA:46,1
DA:47,14
DA:55,1
DA:56,3
DA:57,3
DA:59,3
DA:60,6
DA:61,3
DA:62,3
DA:65,3
DA:66,3
DA:67,3
DA:73,15
DA:74,15
LF:32
LH:30
BRDA:6,0,0,0
BRDA:6,0,1,1
BRDA:18,1,0,0
BRDA:18,1,1,33
BRDA:60,2,0,3
BRDA:60,2,1,3
BRDA:67,3,0,2
BRDA:67,3,1,1
BRDA:74,4,0,14
BRDA:74,4,1,1
BRF:10
BRH:8
end_of_record
